Indexing opening suite...
Started game 1 of 6 (worst vs random)
Finished game 1 (worst vs random): 0-1 {Black wins by adjudication}
Started game 2 of 6 (random vs worst)
Finished game 2 (random vs worst): 1-0 {White mates}
Started game 3 of 6 (best vs random)
Finished game 3 (best vs random): 1-0 {White wins by adjudication}
Started game 4 of 6 (random vs best)
Finished game 4 (random vs best): 0-1 {Black wins by adjudication}
Started game 5 of 6 (best vs worst)
Finished game 5 (best vs worst): 1-0 {White wins by adjudication}
Started game 6 of 6 (worst vs best)
Finished game 6 (worst vs best): 0-1 {Black mates}
Rank Name                          Elo     +/-   Games   Score    Draw 
   1 best                          inf     nan       4  100.0%    0.0% 
   2 random                          0     786       4   50.0%    0.0% 
   3 worst                        -inf     nan       4    0.0%    0.0% 

SPRT: llr 0 (0.0%), lbound -inf, ubound inf

Player: best
   "Win: Black mates": 1
   "Win: Black wins by adjudication": 1
   "Win: White wins by adjudication": 2
Player: worst
   "Loss: Black mates": 1
   "Loss: Black wins by adjudication": 1
   "Loss: White mates": 1
   "Loss: White wins by adjudication": 1
Player: random
   "Loss: Black wins by adjudication": 1
   "Loss: White wins by adjudication": 1
   "Win: Black wins by adjudication": 1
   "Win: White mates": 1
Finished match
