Indexing opening suite...
Started game 2 of 8 (sf1320 vs candidate_01)
Started game 1 of 8 (candidate_01 vs sf1320)
Finished game 2 (sf1320 vs candidate_01): 1-0 {White wins by adjudication}
Score of candidate_01 vs sf1320: 0 - 1 - 0  [0.000] 1
Started game 3 of 8 (candidate_01 vs sf1320)
Finished game 3 (candidate_01 vs sf1320): 1/2-1/2 {Draw by 3-fold repetition}
Score of candidate_01 vs sf1320: 0 - 1 - 1  [0.250] 2
Started game 4 of 8 (sf1320 vs candidate_01)
Finished game 1 (candidate_01 vs sf1320): 0-1 {Black mates}
Score of candidate_01 vs sf1320: 0 - 2 - 1  [0.167] 3
Started game 5 of 8 (candidate_01 vs sf1320)
Finished game 4 (sf1320 vs candidate_01): 0-1 {Black mates}
Score of candidate_01 vs sf1320: 1 - 2 - 1  [0.375] 4
Started game 6 of 8 (sf1320 vs candidate_01)
Finished game 6 (sf1320 vs candidate_01): 0-1 {Black wins by adjudication}
Score of candidate_01 vs sf1320: 2 - 2 - 1  [0.500] 5
Started game 7 of 8 (candidate_01 vs sf1320)
Finished game 5 (candidate_01 vs sf1320): 1-0 {White mates}
Score of candidate_01 vs sf1320: 3 - 2 - 1  [0.583] 6
Started game 8 of 8 (sf1320 vs candidate_01)
Finished game 7 (candidate_01 vs sf1320): 1-0 {White wins by adjudication}
Score of candidate_01 vs sf1320: 4 - 2 - 1  [0.643] 7
Finished game 8 (sf1320 vs candidate_01): 0-1 {Black mates}
Score of candidate_01 vs sf1320: 5 - 2 - 1  [0.688] 8
...      candidate_01 playing White: 2 - 1 - 1  [0.625] 4
...      candidate_01 playing Black: 3 - 1 - 0  [0.750] 4
...      White vs Black: 3 - 4 - 1  [0.438] 8
Elo difference: 137.0 +/- 396.2, LOS: 87.2 %, DrawRatio: 12.5 %
SPRT: llr 0 (0.0%), lbound -inf, ubound inf

Player: candidate_01
   "Draw by 3-fold repetition": 1
   "Loss: Black mates": 1
   "Loss: White wins by adjudication": 1
   "Win: Black mates": 2
   "Win: Black wins by adjudication": 1
   "Win: White mates": 1
   "Win: White wins by adjudication": 1
Player: sf1320
   "Draw by 3-fold repetition": 1
   "Loss: Black mates": 2
   "Loss: Black wins by adjudication": 1
   "Loss: White mates": 1
   "Loss: White wins by adjudication": 1
   "Win: Black mates": 1
   "Win: White wins by adjudication": 1
Finished match
