Indexing opening suite...
Started game 1 of 8 (candidate_01 vs strong_01)
Started game 2 of 8 (strong_01 vs candidate_01)
Finished game 2 (strong_01 vs candidate_01): 1-0 {White wins by adjudication}
Score of candidate_01 vs strong_01: 0 - 1 - 0  [0.000] 1
Started game 3 of 8 (candidate_01 vs strong_01)
Finished game 1 (candidate_01 vs strong_01): 0-1 {Black mates}
Score of candidate_01 vs strong_01: 0 - 2 - 0  [0.000] 2
Started game 4 of 8 (strong_01 vs candidate_01)
Finished game 4 (strong_01 vs candidate_01): 1-0 {White wins by adjudication}
Score of candidate_01 vs strong_01: 0 - 3 - 0  [0.000] 3
Started game 5 of 8 (candidate_01 vs strong_01)
Finished game 3 (candidate_01 vs strong_01): 0-1 {Black mates}
Score of candidate_01 vs strong_01: 0 - 4 - 0  [0.000] 4
Started game 6 of 8 (strong_01 vs candidate_01)
Finished game 6 (strong_01 vs candidate_01): 1-0 {White wins by adjudication}
Score of candidate_01 vs strong_01: 0 - 5 - 0  [0.000] 5
Started game 7 of 8 (candidate_01 vs strong_01)
Finished game 5 (candidate_01 vs strong_01): 0-1 {Black mates}
Score of candidate_01 vs strong_01: 0 - 6 - 0  [0.000] 6
Started game 8 of 8 (strong_01 vs candidate_01)
Finished game 8 (strong_01 vs candidate_01): 1-0 {White wins by adjudication}
Score of candidate_01 vs strong_01: 0 - 7 - 0  [0.000] 7
Finished game 7 (candidate_01 vs strong_01): 0-1 {Black wins by adjudication}
Score of candidate_01 vs strong_01: 0 - 8 - 0  [0.000] 8
...      candidate_01 playing White: 0 - 4 - 0  [0.000] 4
...      candidate_01 playing Black: 0 - 4 - 0  [0.000] 4
...      White vs Black: 4 - 4 - 0  [0.500] 8
Elo difference: -inf +/- nan, LOS: 0.2 %, DrawRatio: 0.0 %
SPRT: llr 0 (0.0%), lbound -inf, ubound inf

Player: candidate_01
   "Loss: Black mates": 3
   "Loss: Black wins by adjudication": 1
   "Loss: White wins by adjudication": 4
Player: strong_01
   "Win: Black mates": 3
   "Win: Black wins by adjudication": 1
   "Win: White wins by adjudication": 4
Finished match
