Indexing opening suite...
Started game 1 of 12 (candidate_01 vs strong_02)
Started game 2 of 12 (strong_02 vs candidate_01)
Finished game 1 (candidate_01 vs strong_02): 1-0 {Black loses on time}
Started game 3 of 12 (candidate_02 vs strong_01)
Finished game 2 (strong_02 vs candidate_01): 0-1 {White loses on time}
Started game 4 of 12 (strong_01 vs candidate_02)
Finished game 3 (candidate_02 vs strong_01): 0-1 {White loses on time}
Started game 5 of 12 (candidate_01 vs strong_01)
Finished game 4 (strong_01 vs candidate_02): 1-0 {Black loses on time}
Started game 6 of 12 (strong_01 vs candidate_01)
Finished game 5 (candidate_01 vs strong_01): 1-0 {Black loses on time}
Started game 7 of 12 (strong_02 vs candidate_02)
Finished game 7 (strong_02 vs candidate_02): 1-0 {Black loses on time}
Started game 8 of 12 (candidate_02 vs strong_02)
Finished game 6 (strong_01 vs candidate_01): 0-1 {White loses on time}
Started game 9 of 12 (candidate_01 vs candidate_02)
Finished game 8 (candidate_02 vs strong_02): 0-1 {White loses on time}
Started game 10 of 12 (candidate_02 vs candidate_01)
Finished game 10 (candidate_02 vs candidate_01): 0-1 {White loses on time}
Started game 11 of 12 (strong_01 vs strong_02)
Finished game 9 (candidate_01 vs candidate_02): 1-0 {Black loses on time}
Started game 12 of 12 (strong_02 vs strong_01)
Finished game 11 (strong_01 vs strong_02): 0-1 {White loses on time}
Finished game 12 (strong_02 vs strong_01): 1-0 {Black loses on time}
Rank Name                          Elo     +/-   Games   Score    Draw 
   1 candidate_01                  inf     nan       6  100.0%    0.0% 
   2 strong_02                     120     nan       6   66.7%    0.0% 
   3 strong_01                    -120     nan       6   33.3%    0.0% 
   4 candidate_02                 -inf     nan       6    0.0%    0.0% 

SPRT: llr 0 (0.0%), lbound -inf, ubound inf

Player: candidate_01
   "Win: Black loses on time": 3
   "Win: White loses on time": 3
Player: candidate_02
   "Loss: Black loses on time": 3
   "Loss: White loses on time": 3
Player: strong_01
   "Loss: Black loses on time": 2
   "Loss: White loses on time": 2
   "Win: Black loses on time": 1
   "Win: White loses on time": 1
Player: strong_02
   "Loss: Black loses on time": 1
   "Loss: White loses on time": 1
   "Win: Black loses on time": 2
   "Win: White loses on time": 2
Finished match
