Indexing opening suite...
Started game 2 of 24 (strong_02 vs candidate_01)
Started game 1 of 24 (candidate_01 vs strong_02)
Finished game 1 (candidate_01 vs strong_02): 1-0 {Black loses on time}
Finished game 2 (strong_02 vs candidate_01): 0-1 {White loses on time}
Started game 3 of 24 (candidate_02 vs strong_01)
Started game 4 of 24 (strong_01 vs candidate_02)
Finished game 4 (strong_01 vs candidate_02): 0-1 {White loses on time}
Started game 5 of 24 (candidate_01 vs strong_01)
Finished game 3 (candidate_02 vs strong_01): 1-0 {Black loses on time}
Started game 6 of 24 (strong_01 vs candidate_01)
Finished game 6 (strong_01 vs candidate_01): 0-1 {White loses on time}
Started game 7 of 24 (strong_02 vs candidate_02)
Finished game 5 (candidate_01 vs strong_01): 1-0 {Black loses on time}
Started game 8 of 24 (candidate_02 vs strong_02)
Finished game 7 (strong_02 vs candidate_02): 0-1 {White loses on time}
Started game 9 of 24 (candidate_01 vs candidate_02)
Finished game 8 (candidate_02 vs strong_02): 0-1 {White loses on time}
Started game 10 of 24 (candidate_02 vs candidate_01)
Finished game 10 (candidate_02 vs candidate_01): 0-1 {White loses on time}
Started game 11 of 24 (strong_01 vs strong_02)
Finished game 11 (strong_01 vs strong_02): 0-1 {White loses on time}
Started game 12 of 24 (strong_02 vs strong_01)
Finished game 12 (strong_02 vs strong_01): 0-1 {White loses on time}
Started game 13 of 24 (candidate_01 vs strong_02)
Finished game 9 (candidate_01 vs candidate_02): 1-0 {Black loses on time}
Started game 14 of 24 (strong_02 vs candidate_01)
Finished game 13 (candidate_01 vs strong_02): 1-0 {Black loses on time}
Started game 15 of 24 (candidate_02 vs strong_01)
Finished game 15 (candidate_02 vs strong_01): 1-0 {Black loses on time}
Started game 16 of 24 (strong_01 vs candidate_02)
Finished game 16 (strong_01 vs candidate_02): 0-1 {White loses on time}
Started game 17 of 24 (candidate_01 vs strong_01)
Finished game 14 (strong_02 vs candidate_01): 0-1 {White loses on time}
Started game 18 of 24 (strong_01 vs candidate_01)
Finished game 17 (candidate_01 vs strong_01): 1-0 {Black loses on time}
Started game 19 of 24 (strong_02 vs candidate_02)
Finished game 18 (strong_01 vs candidate_01): 0-1 {White loses on time}
Started game 20 of 24 (candidate_02 vs strong_02)
Finished game 19 (strong_02 vs candidate_02): 0-1 {White loses on time}
Started game 21 of 24 (candidate_01 vs candidate_02)
Finished game 20 (candidate_02 vs strong_02): 0-1 {White loses on time}
Started game 22 of 24 (candidate_02 vs candidate_01)
Finished game 21 (candidate_01 vs candidate_02): 1-0 {Black loses on time}
Started game 23 of 24 (strong_01 vs strong_02)
Finished game 22 (candidate_02 vs candidate_01): 0-1 {White loses on time}
Started game 24 of 24 (strong_02 vs strong_01)
Finished game 23 (strong_01 vs strong_02): 0-1 {White loses on time}
Finished game 24 (strong_02 vs strong_01): 0-1 {White loses on time}
Rank Name                          Elo     +/-   Games   Score    Draw 
   1 candidate_01                  inf     nan      12  100.0%    0.0% 
   2 candidate_02                    0     222      12   50.0%    0.0% 
   3 strong_02                    -120     264      12   33.3%    0.0% 
   4 strong_01                    -280     nan      12   16.7%    0.0% 

SPRT: llr 0 (0.0%), lbound -inf, ubound inf

Player: candidate_01
   "Win: Black loses on time": 6
   "Win: White loses on time": 6
Player: candidate_02
   "Loss: Black loses on time": 2
   "Loss: White loses on time": 4
   "Win: Black loses on time": 2
   "Win: White loses on time": 4
Player: strong_01
   "Loss: Black loses on time": 4
   "Loss: White loses on time": 6
   "Win: White loses on time": 2
Player: strong_02
   "Loss: Black loses on time": 2
   "Loss: White loses on time": 6
   "Win: White loses on time": 4
Finished match
