Indexing opening suite...
Started game 1 of 24 (candidate_01 vs strong_02)
Started game 2 of 24 (strong_02 vs candidate_01)
Finished game 1 (candidate_01 vs strong_02): 0-1 {Black wins by adjudication}
Started game 3 of 24 (candidate_02 vs strong_01)
Finished game 2 (strong_02 vs candidate_01): 1-0 {White wins by adjudication}
Started game 4 of 24 (strong_01 vs candidate_02)
Finished game 3 (candidate_02 vs strong_01): 0-1 {Black mates}
Started game 5 of 24 (candidate_01 vs strong_01)
Finished game 5 (candidate_01 vs strong_01): 0-1 {Black mates}
Started game 6 of 24 (strong_01 vs candidate_01)
Finished game 4 (strong_01 vs candidate_02): 1-0 {White mates}
Started game 7 of 24 (strong_02 vs candidate_02)
Finished game 6 (strong_01 vs candidate_01): 1-0 {White wins by adjudication}
Started game 8 of 24 (candidate_02 vs strong_02)
Finished game 8 (candidate_02 vs strong_02): 1/2-1/2 {Draw by 3-fold repetition}
Started game 9 of 24 (candidate_01 vs candidate_02)
Finished game 7 (strong_02 vs candidate_02): 1-0 {White wins by adjudication}
Started game 10 of 24 (candidate_02 vs candidate_01)
Finished game 9 (candidate_01 vs candidate_02): 0-1 {Black mates}
Started game 11 of 24 (strong_01 vs strong_02)
Finished game 11 (strong_01 vs strong_02): 1/2-1/2 {Draw by 3-fold repetition}
Started game 12 of 24 (strong_02 vs strong_01)
Finished game 10 (candidate_02 vs candidate_01): 1-0 {White wins by adjudication}
Started game 13 of 24 (candidate_01 vs strong_02)
Finished game 12 (strong_02 vs strong_01): 0-1 {Black mates}
Started game 14 of 24 (strong_02 vs candidate_01)
Finished game 13 (candidate_01 vs strong_02): 0-1 {Black mates}
Started game 15 of 24 (candidate_02 vs strong_01)
Finished game 14 (strong_02 vs candidate_01): 1/2-1/2 {Draw by 3-fold repetition}
Started game 16 of 24 (strong_01 vs candidate_02)
Finished game 15 (candidate_02 vs strong_01): 0-1 {Black mates}
Started game 17 of 24 (candidate_01 vs strong_01)
Finished game 17 (candidate_01 vs strong_01): 0-1 {Black wins by adjudication}
Started game 18 of 24 (strong_01 vs candidate_01)
Finished game 16 (strong_01 vs candidate_02): 1-0 {White mates}
Started game 19 of 24 (strong_02 vs candidate_02)
Finished game 18 (strong_01 vs candidate_01): 1-0 {White wins by adjudication}
Started game 20 of 24 (candidate_02 vs strong_02)
Finished game 19 (strong_02 vs candidate_02): 1/2-1/2 {Draw by 3-fold repetition}
Started game 21 of 24 (candidate_01 vs candidate_02)
Finished game 20 (candidate_02 vs strong_02): 0-1 {Black wins by adjudication}
Started game 22 of 24 (candidate_02 vs candidate_01)
Finished game 21 (candidate_01 vs candidate_02): 0-1 {Black wins by adjudication}
Started game 23 of 24 (strong_01 vs strong_02)
Finished game 23 (strong_01 vs strong_02): 1-0 {White mates}
Started game 24 of 24 (strong_02 vs strong_01)
Finished game 22 (candidate_02 vs candidate_01): 1-0 {White wins by adjudication}
Finished game 24 (strong_02 vs strong_01): 0-1 {Black wins by adjudication}
Rank Name                          Elo     +/-   Games   Score    Draw 
   1 strong_01                     545     nan      12   95.8%    8.3% 
   2 strong_02                      58     176      12   58.3%   33.3% 
   3 candidate_02                  -58     204      12   41.7%   16.7% 
   4 candidate_01                 -545     nan      12    4.2%    8.3% 

SPRT: llr 0 (0.0%), lbound -inf, ubound inf

Player: candidate_01
   "Draw by 3-fold repetition": 1
   "Loss: Black mates": 3
   "Loss: Black wins by adjudication": 3
   "Loss: White wins by adjudication": 5
Player: candidate_02
   "Draw by 3-fold repetition": 2
   "Loss: Black mates": 2
   "Loss: Black wins by adjudication": 1
   "Loss: White mates": 2
   "Loss: White wins by adjudication": 1
   "Win: Black mates": 1
   "Win: Black wins by adjudication": 1
   "Win: White wins by adjudication": 2
Player: strong_01
   "Draw by 3-fold repetition": 1
   "Win: Black mates": 4
   "Win: Black wins by adjudication": 2
   "Win: White mates": 3
   "Win: White wins by adjudication": 2
Player: strong_02
   "Draw by 3-fold repetition": 4
   "Loss: Black mates": 1
   "Loss: Black wins by adjudication": 1
   "Loss: White mates": 1
   "Win: Black mates": 1
   "Win: Black wins by adjudication": 2
   "Win: White wins by adjudication": 2
Finished match
