Indexing opening suite...
Started game 1 of 8 (strong_01 vs sf1320)
Started game 2 of 8 (sf1320 vs strong_01)
Finished game 2 (sf1320 vs strong_01): 0-1 {Black wins by adjudication}
Score of strong_01 vs sf1320: 1 - 0 - 0  [1.000] 1
Started game 3 of 8 (strong_01 vs sf1320)
Finished game 1 (strong_01 vs sf1320): 1-0 {White mates}
Score of strong_01 vs sf1320: 2 - 0 - 0  [1.000] 2
Started game 4 of 8 (sf1320 vs strong_01)
Finished game 3 (strong_01 vs sf1320): 1-0 {White mates}
Score of strong_01 vs sf1320: 3 - 0 - 0  [1.000] 3
Started game 5 of 8 (strong_01 vs sf1320)
Finished game 4 (sf1320 vs strong_01): 0-1 {Black mates}
Score of strong_01 vs sf1320: 4 - 0 - 0  [1.000] 4
Started game 6 of 8 (sf1320 vs strong_01)
Finished game 5 (strong_01 vs sf1320): 1-0 {White mates}
Score of strong_01 vs sf1320: 5 - 0 - 0  [1.000] 5
Started game 7 of 8 (strong_01 vs sf1320)
Finished game 6 (sf1320 vs strong_01): 0-1 {Black wins by adjudication}
Score of strong_01 vs sf1320: 6 - 0 - 0  [1.000] 6
Started game 8 of 8 (sf1320 vs strong_01)
Finished game 8 (sf1320 vs strong_01): 0-1 {Black wins by adjudication}
Score of strong_01 vs sf1320: 7 - 0 - 0  [1.000] 7
Finished game 7 (strong_01 vs sf1320): 1-0 {White mates}
Score of strong_01 vs sf1320: 8 - 0 - 0  [1.000] 8
...      strong_01 playing White: 4 - 0 - 0  [1.000] 4
...      strong_01 playing Black: 4 - 0 - 0  [1.000] 4
...      White vs Black: 4 - 4 - 0  [0.500] 8
Elo difference: inf +/- nan, LOS: 99.8 %, DrawRatio: 0.0 %
SPRT: llr 0 (0.0%), lbound -inf, ubound inf

Player: strong_01
   "Win: Black mates": 1
   "Win: Black wins by adjudication": 3
   "Win: White mates": 4
Player: sf1320
   "Loss: Black mates": 1
   "Loss: Black wins by adjudication": 3
   "Loss: White mates": 4
Finished match
