Indexing opening suite...
Started game 2 of 60 (stockfish_2500 vs elo_variant_fixed_01)
Started game 1 of 60 (elo_variant_fixed_01 vs stockfish_2500)
Finished game 1 (elo_variant_fixed_01 vs stockfish_2500): 0-1 {Black mates}
Started game 3 of 60 (elo_variant_fixed_02 vs stockfish_2150)
Finished game 2 (stockfish_2500 vs elo_variant_fixed_01): 0-1 {Black mates}
Started game 4 of 60 (stockfish_2150 vs elo_variant_fixed_02)
Finished game 4 (stockfish_2150 vs elo_variant_fixed_02): 1-0 {White mates}
Started game 5 of 60 (stockfish_1320 vs stockfish_1800)
Finished game 5 (stockfish_1320 vs stockfish_1800): 0-1 {Black mates}
Started game 6 of 60 (stockfish_1800 vs stockfish_1320)
Finished game 6 (stockfish_1800 vs stockfish_1320): 1/2-1/2 {Draw by adjudication}
Started game 7 of 60 (elo_variant_fixed_01 vs stockfish_2150)
Finished game 3 (elo_variant_fixed_02 vs stockfish_2150): 0-1 {Black wins by adjudication}
Started game 8 of 60 (stockfish_2150 vs elo_variant_fixed_01)
Finished game 8 (stockfish_2150 vs elo_variant_fixed_01): 1-0 {White mates}
Finished game 7 (elo_variant_fixed_01 vs stockfish_2150): 1/2-1/2 {Draw by 3-fold repetition}
Started game 9 of 60 (stockfish_2500 vs stockfish_1800)
Finished game 9 (stockfish_2500 vs stockfish_1800): 1-0 {White mates}
Started game 10 of 60 (stockfish_1800 vs stockfish_2500)
Started game 11 of 60 (elo_variant_fixed_02 vs stockfish_1320)
Finished game 10 (stockfish_1800 vs stockfish_2500): 0-1 {Black wins by adjudication}
Started game 12 of 60 (stockfish_1320 vs elo_variant_fixed_02)
Finished game 11 (elo_variant_fixed_02 vs stockfish_1320): 1-0 {White mates}
Started game 13 of 60 (elo_variant_fixed_01 vs stockfish_1800)
Finished game 12 (stockfish_1320 vs elo_variant_fixed_02): 0-1 {Black wins by adjudication}
Started game 14 of 60 (stockfish_1800 vs elo_variant_fixed_01)
Finished game 13 (elo_variant_fixed_01 vs stockfish_1800): 0-1 {Black mates}
Started game 15 of 60 (stockfish_2150 vs stockfish_1320)
Finished game 15 (stockfish_2150 vs stockfish_1320): 1-0 {White mates}
Started game 16 of 60 (stockfish_1320 vs stockfish_2150)
Finished game 16 (stockfish_1320 vs stockfish_2150): 0-1 {Black wins by adjudication}
Started game 17 of 60 (stockfish_2500 vs elo_variant_fixed_02)
Finished game 14 (stockfish_1800 vs elo_variant_fixed_01): 0-1 {Black mates}
Started game 18 of 60 (elo_variant_fixed_02 vs stockfish_2500)
Finished game 17 (stockfish_2500 vs elo_variant_fixed_02): 1/2-1/2 {Draw by 3-fold repetition}
Started game 19 of 60 (elo_variant_fixed_01 vs stockfish_1320)
Finished game 18 (elo_variant_fixed_02 vs stockfish_2500): 1/2-1/2 {Draw by 3-fold repetition}
Started game 20 of 60 (stockfish_1320 vs elo_variant_fixed_01)
Finished game 19 (elo_variant_fixed_01 vs stockfish_1320): 1-0 {White mates}
Started game 21 of 60 (stockfish_1800 vs elo_variant_fixed_02)
Finished game 20 (stockfish_1320 vs elo_variant_fixed_01): 0-1 {Black mates}
Started game 22 of 60 (elo_variant_fixed_02 vs stockfish_1800)
Finished game 21 (stockfish_1800 vs elo_variant_fixed_02): 1-0 {White wins by adjudication}
Started game 23 of 60 (stockfish_2150 vs stockfish_2500)
Finished game 23 (stockfish_2150 vs stockfish_2500): 0-1 {Black mates}
Started game 24 of 60 (stockfish_2500 vs stockfish_2150)
Finished game 24 (stockfish_2500 vs stockfish_2150): 0-1 {Black mates}
Started game 25 of 60 (elo_variant_fixed_01 vs elo_variant_fixed_02)
Finished game 22 (elo_variant_fixed_02 vs stockfish_1800): 1-0 {White mates}
Started game 26 of 60 (elo_variant_fixed_02 vs elo_variant_fixed_01)
Finished game 25 (elo_variant_fixed_01 vs elo_variant_fixed_02): 1/2-1/2 {Draw by 3-fold repetition}
Started game 27 of 60 (stockfish_1320 vs stockfish_2500)
Finished game 27 (stockfish_1320 vs stockfish_2500): 0-1 {Black mates}
Started game 28 of 60 (stockfish_2500 vs stockfish_1320)
Finished game 28 (stockfish_2500 vs stockfish_1320): 1-0 {White mates}
Started game 29 of 60 (stockfish_1800 vs stockfish_2150)
Finished game 29 (stockfish_1800 vs stockfish_2150): 1-0 {White mates}
Started game 30 of 60 (stockfish_2150 vs stockfish_1800)
Finished game 30 (stockfish_2150 vs stockfish_1800): 0-1 {Black mates}
Started game 31 of 60 (elo_variant_fixed_01 vs stockfish_2500)
Finished game 31 (elo_variant_fixed_01 vs stockfish_2500): 0-1 {Black wins by adjudication}
Started game 32 of 60 (stockfish_2500 vs elo_variant_fixed_01)
Finished game 32 (stockfish_2500 vs elo_variant_fixed_01): 1-0 {White wins by adjudication}
Started game 33 of 60 (elo_variant_fixed_02 vs stockfish_2150)
Finished game 33 (elo_variant_fixed_02 vs stockfish_2150): 1-0 {White mates}
Started game 34 of 60 (stockfish_2150 vs elo_variant_fixed_02)
Finished game 34 (stockfish_2150 vs elo_variant_fixed_02): 0-1 {Black mates}
Started game 35 of 60 (stockfish_1320 vs stockfish_1800)
Finished game 35 (stockfish_1320 vs stockfish_1800): 0-1 {Black mates}
Started game 36 of 60 (stockfish_1800 vs stockfish_1320)
Finished game 36 (stockfish_1800 vs stockfish_1320): 1-0 {White mates}
Started game 37 of 60 (elo_variant_fixed_01 vs stockfish_2150)
Finished game 26 (elo_variant_fixed_02 vs elo_variant_fixed_01): 1/2-1/2 {Draw by 3-fold repetition}
Started game 38 of 60 (stockfish_2150 vs elo_variant_fixed_01)
Finished game 37 (elo_variant_fixed_01 vs stockfish_2150): 0-1 {Black wins by adjudication}
Started game 39 of 60 (stockfish_2500 vs stockfish_1800)
Finished game 39 (stockfish_2500 vs stockfish_1800): 1-0 {White mates}
Started game 40 of 60 (stockfish_1800 vs stockfish_2500)
Finished game 40 (stockfish_1800 vs stockfish_2500): 0-1 {Black mates}
Started game 41 of 60 (elo_variant_fixed_02 vs stockfish_1320)
Finished game 41 (elo_variant_fixed_02 vs stockfish_1320): 0-1 {Black mates}
Started game 42 of 60 (stockfish_1320 vs elo_variant_fixed_02)
Finished game 38 (stockfish_2150 vs elo_variant_fixed_01): 1-0 {White mates}
Started game 43 of 60 (elo_variant_fixed_01 vs stockfish_1800)
Finished game 43 (elo_variant_fixed_01 vs stockfish_1800): 1-0 {White wins by adjudication}
Started game 44 of 60 (stockfish_1800 vs elo_variant_fixed_01)
Finished game 42 (stockfish_1320 vs elo_variant_fixed_02): 0-1 {Black mates}
Started game 45 of 60 (stockfish_2150 vs stockfish_1320)
Finished game 45 (stockfish_2150 vs stockfish_1320): 1-0 {White mates}
Started game 46 of 60 (stockfish_1320 vs stockfish_2150)
Finished game 46 (stockfish_1320 vs stockfish_2150): 0-1 {Black wins by adjudication}
Started game 47 of 60 (stockfish_2500 vs elo_variant_fixed_02)
Finished game 47 (stockfish_2500 vs elo_variant_fixed_02): 1-0 {White wins by adjudication}
Started game 48 of 60 (elo_variant_fixed_02 vs stockfish_2500)
Finished game 44 (stockfish_1800 vs elo_variant_fixed_01): 0-1 {Black mates}
Started game 49 of 60 (elo_variant_fixed_01 vs stockfish_1320)
Finished game 48 (elo_variant_fixed_02 vs stockfish_2500): 1-0 {White mates}
Started game 50 of 60 (stockfish_1320 vs elo_variant_fixed_01)
Finished game 49 (elo_variant_fixed_01 vs stockfish_1320): 1-0 {White mates}
Started game 51 of 60 (stockfish_1800 vs elo_variant_fixed_02)
Finished game 51 (stockfish_1800 vs elo_variant_fixed_02): 0-1 {Black mates}
Started game 52 of 60 (elo_variant_fixed_02 vs stockfish_1800)
Finished game 50 (stockfish_1320 vs elo_variant_fixed_01): 1-0 {White wins by adjudication}
Started game 53 of 60 (stockfish_2150 vs stockfish_2500)
Finished game 53 (stockfish_2150 vs stockfish_2500): 1-0 {White mates}
Started game 54 of 60 (stockfish_2500 vs stockfish_2150)
Finished game 54 (stockfish_2500 vs stockfish_2150): 0-1 {Black mates}
Started game 55 of 60 (elo_variant_fixed_01 vs elo_variant_fixed_02)
Finished game 52 (elo_variant_fixed_02 vs stockfish_1800): 0-1 {Black wins by adjudication}
Started game 56 of 60 (elo_variant_fixed_02 vs elo_variant_fixed_01)
Finished game 55 (elo_variant_fixed_01 vs elo_variant_fixed_02): 0-1 {Black wins by adjudication}
Started game 57 of 60 (stockfish_1320 vs stockfish_2500)
Finished game 56 (elo_variant_fixed_02 vs elo_variant_fixed_01): 1/2-1/2 {Draw by 3-fold repetition}
Finished game 57 (stockfish_1320 vs stockfish_2500): 0-1 {Black mates}
Started game 58 of 60 (stockfish_2500 vs stockfish_1320)
Started game 59 of 60 (stockfish_1800 vs stockfish_2150)
Finished game 58 (stockfish_2500 vs stockfish_1320): 1-0 {White wins by adjudication}
Finished game 59 (stockfish_1800 vs stockfish_2150): 1-0 {White mates}
Started game 60 of 60 (stockfish_2150 vs stockfish_1800)
Finished game 60 (stockfish_2150 vs stockfish_1800): 0-1 {Black wins by adjudication}
Rank Name                          Elo     +/-   Games   Score    Draw 
   1 stockfish_2500                147     176      20   70.0%   10.0% 
   2 stockfish_2150                 89     167      20   62.5%    5.0% 
   3 elo_variant_fixed_02           53     140      20   57.5%   25.0% 
   4 stockfish_1800                 17     159      20   52.5%    5.0% 
   5 elo_variant_fixed_01          -35     145      20   45.0%   20.0% 
   6 stockfish_1320               -338     nan      20   12.5%    5.0% 

SPRT: llr 0 (0.0%), lbound -inf, ubound inf

Player: elo_variant_fixed_01
   "Draw by 3-fold repetition": 4
   "Loss: Black mates": 2
   "Loss: Black wins by adjudication": 3
   "Loss: White mates": 2
   "Loss: White wins by adjudication": 2
   "Win: Black mates": 4
   "Win: White mates": 2
   "Win: White wins by adjudication": 1
Player: elo_variant_fixed_02
   "Draw by 3-fold repetition": 5
   "Loss: Black mates": 1
   "Loss: Black wins by adjudication": 2
   "Loss: White mates": 1
   "Loss: White wins by adjudication": 2
   "Win: Black mates": 3
   "Win: Black wins by adjudication": 2
   "Win: White mates": 4
Player: stockfish_1320
   "Draw by adjudication": 1
   "Loss: Black mates": 6
   "Loss: Black wins by adjudication": 3
   "Loss: White mates": 7
   "Loss: White wins by adjudication": 1
   "Win: Black mates": 1
   "Win: White wins by adjudication": 1
Player: stockfish_1800
   "Draw by adjudication": 1
   "Loss: Black mates": 4
   "Loss: Black wins by adjudication": 1
   "Loss: White mates": 3
   "Loss: White wins by adjudication": 1
   "Win: Black mates": 4
   "Win: Black wins by adjudication": 2
   "Win: White mates": 3
   "Win: White wins by adjudication": 1
Player: stockfish_2150
   "Draw by 3-fold repetition": 1
   "Loss: Black mates": 3
   "Loss: Black wins by adjudication": 1
   "Loss: White mates": 3
   "Win: Black mates": 2
   "Win: Black wins by adjudication": 4
   "Win: White mates": 6
Player: stockfish_2500
   "Draw by 3-fold repetition": 2
   "Loss: Black mates": 3
   "Loss: White mates": 2
   "Win: Black mates": 5
   "Win: Black wins by adjudication": 2
   "Win: White mates": 3
   "Win: White wins by adjudication": 3
Finished match
