Indexing opening suite...
Started game 1 of 4 (phase1_minimax vs phase1_negamax_ab_pvs_id)
Started game 2 of 4 (phase1_negamax_ab_pvs_id vs phase1_minimax)
Finished game 1 (phase1_minimax vs phase1_negamax_ab_pvs_id): 1/2-1/2 {Draw by adjudication}
Score of phase1_minimax vs phase1_negamax_ab_pvs_id: 0 - 0 - 1  [0.500] 1
Started game 3 of 4 (phase1_minimax vs phase1_negamax_ab_pvs_id)
Finished game 3 (phase1_minimax vs phase1_negamax_ab_pvs_id): 1/2-1/2 {Draw by adjudication}
Score of phase1_minimax vs phase1_negamax_ab_pvs_id: 0 - 0 - 2  [0.500] 2
Started game 4 of 4 (phase1_negamax_ab_pvs_id vs phase1_minimax)
Finished game 2 (phase1_negamax_ab_pvs_id vs phase1_minimax): 1-0 {White wins by adjudication}
Score of phase1_minimax vs phase1_negamax_ab_pvs_id: 0 - 1 - 2  [0.333] 3
Finished game 4 (phase1_negamax_ab_pvs_id vs phase1_minimax): 1-0 {White wins by adjudication}
Score of phase1_minimax vs phase1_negamax_ab_pvs_id: 0 - 2 - 2  [0.250] 4
...      phase1_minimax playing White: 0 - 0 - 2  [0.500] 2
...      phase1_minimax playing Black: 0 - 2 - 0  [0.000] 2
...      White vs Black: 2 - 0 - 2  [0.750] 4
Elo difference: -190.8 +/- 451.9, LOS: 7.9 %, DrawRatio: 50.0 %
SPRT: llr 0 (0.0%), lbound -inf, ubound inf

Player: phase1_minimax
   "Draw by adjudication": 2
   "Loss: White wins by adjudication": 2
Player: phase1_negamax_ab_pvs_id
   "Draw by adjudication": 2
   "Win: White wins by adjudication": 2
Finished match
